<?xml version="1.0" encoding="UTF-8"?>
<!-- Generated by org.testng.reporters.JUnitXMLReporter -->
<testsuite hostname="LAPTOP-I256L7PU" name="Default test" tests="4" failures="0" timestamp="30 May 2019 11:11:17 GMT" time="0.056" errors="0">
  <testcase name="MULTI" time="0.025" classname="MavenDemo.MavenDemo.QATest"/>
  <testcase name="div" time="0.0" classname="MavenDemo.MavenDemo.QATest"/>
  <testcase name="sub" time="0.001" classname="MavenDemo.MavenDemo.QATest"/>
  <testcase name="sum" time="0.001" classname="MavenDemo.MavenDemo.QATest"/>
</testsuite> <!-- Default test -->
