<?xml version="1.0" encoding="UTF-8"?>
<testng-results skipped="0" failed="0" total="4" passed="4">
  <reporter-output>
  </reporter-output>
  <suite name="MavenDemo.MavenDemo.QATest" duration-ms="24" started-at="2019-06-02T08:35:09Z" finished-at="2019-06-02T08:35:09Z">
    <groups>
    </groups>
    <test name="Command line test" duration-ms="24" started-at="2019-06-02T08:35:09Z" finished-at="2019-06-02T08:35:09Z">
      <class name="MavenDemo.MavenDemo.QATest">
        <test-method status="PASS" signature="MULTI()[pri:0, instance:MavenDemo.MavenDemo.QATest@80ec60]" name="MULTI" duration-ms="10" started-at="2019-06-02T14:05:09Z" finished-at="2019-06-02T14:05:09Z">
          <reporter-output>
          </reporter-output>
        </test-method> <!-- MULTI -->
        <test-method status="PASS" signature="sub()[pri:0, instance:MavenDemo.MavenDemo.QATest@80ec60]" name="sub" duration-ms="1" started-at="2019-06-02T14:05:09Z" finished-at="2019-06-02T14:05:09Z">
          <reporter-output>
          </reporter-output>
        </test-method> <!-- sub -->
        <test-method status="PASS" signature="div()[pri:0, instance:MavenDemo.MavenDemo.QATest@80ec60]" name="div" duration-ms="0" started-at="2019-06-02T14:05:09Z" finished-at="2019-06-02T14:05:09Z">
          <reporter-output>
          </reporter-output>
        </test-method> <!-- div -->
        <test-method status="PASS" signature="sum()[pri:0, instance:MavenDemo.MavenDemo.QATest@80ec60]" name="sum" duration-ms="1" started-at="2019-06-02T14:05:09Z" finished-at="2019-06-02T14:05:09Z">
          <reporter-output>
          </reporter-output>
        </test-method> <!-- sum -->
      </class> <!-- MavenDemo.MavenDemo.QATest -->
    </test> <!-- Command line test -->
  </suite> <!-- MavenDemo.MavenDemo.QATest -->
</testng-results>
