<?xml version="1.0" encoding="UTF-8"?>
<testng-results skipped="0" failed="0" total="4" passed="4">
  <reporter-output>
  </reporter-output>
  <suite name="Default suite" duration-ms="56" started-at="2019-05-30T11:11:16Z" finished-at="2019-05-30T11:11:16Z">
    <groups>
    </groups>
    <test name="Default test" duration-ms="56" started-at="2019-05-30T11:11:16Z" finished-at="2019-05-30T11:11:16Z">
      <class name="MavenDemo.MavenDemo.QATest">
        <test-method status="PASS" signature="MULTI()[pri:0, instance:MavenDemo.MavenDemo.QATest@dbc5d3]" name="MULTI" duration-ms="25" started-at="2019-05-30T16:41:16Z" finished-at="2019-05-30T16:41:16Z">
          <reporter-output>
          </reporter-output>
        </test-method> <!-- MULTI -->
        <test-method status="PASS" signature="div()[pri:0, instance:MavenDemo.MavenDemo.QATest@dbc5d3]" name="div" duration-ms="0" started-at="2019-05-30T16:41:16Z" finished-at="2019-05-30T16:41:16Z">
          <reporter-output>
          </reporter-output>
        </test-method> <!-- div -->
        <test-method status="PASS" signature="sub()[pri:0, instance:MavenDemo.MavenDemo.QATest@dbc5d3]" name="sub" duration-ms="1" started-at="2019-05-30T16:41:16Z" finished-at="2019-05-30T16:41:16Z">
          <reporter-output>
          </reporter-output>
        </test-method> <!-- sub -->
        <test-method status="PASS" signature="sum()[pri:0, instance:MavenDemo.MavenDemo.QATest@dbc5d3]" name="sum" duration-ms="1" started-at="2019-05-30T16:41:16Z" finished-at="2019-05-30T16:41:16Z">
          <reporter-output>
          </reporter-output>
        </test-method> <!-- sum -->
      </class> <!-- MavenDemo.MavenDemo.QATest -->
    </test> <!-- Default test -->
  </suite> <!-- Default suite -->
</testng-results>
