<?xml version="1.0" encoding="UTF-8"?>
<!-- Generated by org.testng.reporters.JUnitXMLReporter -->
<testsuite hostname="LAPTOP-I256L7PU" name="Command line test" tests="4" failures="0" timestamp="2 Jun 2019 08:35:09 GMT" time="0.024" errors="0">
  <testcase name="MULTI" time="0.01" classname="MavenDemo.MavenDemo.QATest"/>
  <testcase name="div" time="0.0" classname="MavenDemo.MavenDemo.QATest"/>
  <testcase name="sub" time="0.001" classname="MavenDemo.MavenDemo.QATest"/>
  <testcase name="sum" time="0.001" classname="MavenDemo.MavenDemo.QATest"/>
</testsuite> <!-- Command line test -->
